<?xml version="1.0" encoding="UTF-8"?>
<!-- Generated by org.testng.reporters.JUnitReportReporter -->
<testsuite hostname="mum-mob0355" failures="0" tests="5" name="Test.Apitests" time="4.760" errors="0" timestamp="2021-01-16T17:31:02 IST" skipped="0">
  <testcase classname="Test.Apitests" name="addUser" time="2.181"/>
  <system-out/>
  <testcase classname="Test.Apitests" name="postApi" time="0.680"/>
  <system-out/>
  <testcase classname="Test.Apitests" name="getApiAllUsers" time="0.631"/>
  <system-out/>
  <testcase classname="Test.Apitests" name="getSingleUser" time="0.561"/>
  <system-out/>
  <testcase classname="Test.Apitests" name="login" time="0.707"/>
  <system-out/>
</testsuite> <!-- Test.Apitests -->
