<?xml version="1.0" encoding="UTF-8"?>
<!-- Generated by org.testng.reporters.JUnitReportReporter -->
<testsuite hostname="mum-mob0355" failures="0" tests="1" name="stepdefinations.Apitests" time="2.300" errors="0" timestamp="2021-01-17T01:14:07 IST" skipped="0">
  <testcase classname="stepdefinations.Apitests" name="createUser" time="2.300"/>
  <system-out/>
</testsuite> <!-- stepdefinations.Apitests -->
